[25-Oct-2018 14:27:43] WARNING: [pool www] child 842, script '/home/tokenbds.io/public_html/wp-admin/themes.php' (request: "POST /wp-admin/themes.php?page=tgmpa-install-plugins") executing too slow (4.611403 sec), logging
[25-Oct-2018 14:28:51] WARNING: [pool www] child 847, script '/home/tokenbds.io/public_html/wp-admin/admin-ajax.php' (request: "POST /wp-admin/admin-ajax.php") executing too slow (4.218301 sec), logging
[25-Oct-2018 14:30:08] WARNING: [pool www] child 841, script '/home/tokenbds.io/public_html/wp-admin/admin-ajax.php' (request: "POST /wp-admin/admin-ajax.php") executing too slow (4.370795 sec), logging
[25-Oct-2018 14:31:17] WARNING: [pool www] child 841, script '/home/tokenbds.io/public_html/wp-admin/admin-ajax.php' (request: "POST /wp-admin/admin-ajax.php") executing too slow (5.333362 sec), logging
[25-Oct-2018 14:31:25] WARNING: [pool www] child 847, script '/home/tokenbds.io/public_html/wp-admin/admin-ajax.php' (request: "POST /wp-admin/admin-ajax.php") executing too slow (4.896663 sec), logging
[25-Oct-2018 14:31:33] WARNING: [pool www] child 842, script '/home/tokenbds.io/public_html/wp-admin/admin-ajax.php' (request: "POST /wp-admin/admin-ajax.php") executing too slow (4.927245 sec), logging
[25-Oct-2018 14:31:39] WARNING: [pool www] child 843, script '/home/tokenbds.io/public_html/wp-admin/admin-ajax.php' (request: "POST /wp-admin/admin-ajax.php") executing too slow (5.070559 sec), logging
[25-Oct-2018 14:31:47] WARNING: [pool www] child 841, script '/home/tokenbds.io/public_html/wp-admin/admin-ajax.php' (request: "POST /wp-admin/admin-ajax.php") executing too slow (5.324390 sec), logging
[25-Oct-2018 14:33:09] WARNING: [pool www] child 841, script '/home/tokenbds.io/public_html/wp-admin/admin-ajax.php' (request: "POST /wp-admin/admin-ajax.php") executing too slow (4.669259 sec), logging
[25-Oct-2018 14:33:20] WARNING: [pool www] child 847, script '/home/tokenbds.io/public_html/wp-admin/admin-ajax.php' (request: "POST /wp-admin/admin-ajax.php") executing too slow (4.401690 sec), logging
[25-Oct-2018 14:33:28] WARNING: [pool www] child 843, script '/home/tokenbds.io/public_html/wp-admin/admin-ajax.php' (request: "POST /wp-admin/admin-ajax.php") executing too slow (4.378572 sec), logging
[25-Oct-2018 14:33:34] WARNING: [pool www] child 842, script '/home/tokenbds.io/public_html/wp-admin/admin-ajax.php' (request: "POST /wp-admin/admin-ajax.php") executing too slow (4.329541 sec), logging
[25-Oct-2018 14:33:42] WARNING: [pool www] child 841, script '/home/tokenbds.io/public_html/wp-admin/admin-ajax.php' (request: "POST /wp-admin/admin-ajax.php") executing too slow (4.509163 sec), logging
[26-Oct-2018 02:36:29] WARNING: [pool www] child 847, script '/home/tokenbds.io/public_html/wp-cron.php' (request: "POST /wp-cron.php?doing_wp_cron=1540496183.6454451084136962890625") executing too slow (5.015580 sec), logging
[26-Oct-2018 14:20:09] WARNING: [pool www] child 7698, script '/home/tokenbds.io/public_html/wp-cron.php' (request: "POST /wp-cron.php?doing_wp_cron=1540538404.0439870357513427734375") executing too slow (4.602688 sec), logging
[26-Oct-2018 14:30:12] WARNING: [pool www] child 7693, script '/home/tokenbds.io/public_html/wp-admin/admin-ajax.php' (request: "POST /wp-admin/admin-ajax.php") executing too slow (4.117687 sec), logging
[27-Oct-2018 02:25:32] WARNING: [pool www] child 8079, script '/home/tokenbds.io/public_html/wp-cron.php' (request: "POST /wp-cron.php?doing_wp_cron=1540581927.0402688980102539062500") executing too slow (5.021832 sec), logging
[27-Oct-2018 14:21:35] WARNING: [pool www] child 7966, script '/home/tokenbds.io/public_html/wp-cron.php' (request: "POST /wp-cron.php?doing_wp_cron=1540624890.1461319923400878906250") executing too slow (4.546754 sec), logging
[28-Oct-2018 02:22:59] WARNING: [pool www] child 7967, script '/home/tokenbds.io/public_html/wp-cron.php' (request: "POST /wp-cron.php?doing_wp_cron=1540668174.6283719539642333984375") executing too slow (4.073859 sec), logging
[28-Oct-2018 14:31:02] WARNING: [pool www] child 9261, script '/home/tokenbds.io/public_html/wp-cron.php' (request: "POST /wp-cron.php?doing_wp_cron=1540711857.0824348926544189453125") executing too slow (4.650861 sec), logging
[29-Oct-2018 02:27:56] WARNING: [pool www] child 9257, script '/home/tokenbds.io/public_html/wp-cron.php' (request: "POST /wp-cron.php?doing_wp_cron=1540754871.7742240428924560546875") executing too slow (4.735336 sec), logging
[29-Oct-2018 14:26:27] WARNING: [pool www] child 9259, script '/home/tokenbds.io/public_html/wp-cron.php' (request: "POST /wp-cron.php?doing_wp_cron=1540797981.9795858860015869140625") executing too slow (4.793417 sec), logging
[30-Oct-2018 02:34:38] WARNING: [pool www] child 9259, script '/home/tokenbds.io/public_html/wp-cron.php' (request: "POST /wp-cron.php?doing_wp_cron=1540841673.7699999809265136718750") executing too slow (4.513369 sec), logging
[30-Oct-2018 12:40:32] WARNING: [pool www] seems busy (you may need to increase pm.start_servers, or pm.min/max_spare_servers), spawning 8 children, there are 0 idle, and 10 total children
[30-Oct-2018 12:40:33] WARNING: [pool www] seems busy (you may need to increase pm.start_servers, or pm.min/max_spare_servers), spawning 16 children, there are 0 idle, and 12 total children
[30-Oct-2018 12:40:34] WARNING: [pool www] server reached pm.max_children setting (13), consider raising it
[30-Oct-2018 13:06:04] WARNING: [pool www] seems busy (you may need to increase pm.start_servers, or pm.min/max_spare_servers), spawning 8 children, there are 0 idle, and 11 total children
[30-Oct-2018 13:06:05] WARNING: [pool www] server reached pm.max_children setting (13), consider raising it
[30-Oct-2018 14:24:15] WARNING: [pool www] child 10984, script '/home/tokenbds.io/public_html/wp-cron.php' (request: "POST /wp-cron.php?doing_wp_cron=1540884250.7632870674133300781250") executing too slow (4.676879 sec), logging
[31-Oct-2018 02:22:38] WARNING: [pool www] child 10981, script '/home/tokenbds.io/public_html/wp-cron.php' (request: "POST /wp-cron.php?doing_wp_cron=1540927353.1352000236511230468750") executing too slow (4.939443 sec), logging
[31-Oct-2018 14:21:42] WARNING: [pool www] child 10981, script '/home/tokenbds.io/public_html/wp-cron.php' (request: "POST /wp-cron.php?doing_wp_cron=1540970497.0806410312652587890625") executing too slow (4.917479 sec), logging
[01-Nov-2018 02:26:26] WARNING: [pool www] child 10982, script '/home/tokenbds.io/public_html/wp-cron.php' (request: "POST /wp-cron.php?doing_wp_cron=1541013981.1137819290161132812500") executing too slow (4.986834 sec), logging
[01-Nov-2018 09:53:50] WARNING: [pool www] child 10984, script '/home/tokenbds.io/public_html/index.php' (request: "GET /index.php") executing too slow (4.178816 sec), logging
[01-Nov-2018 14:28:01] WARNING: [pool www] child 10982, script '/home/tokenbds.io/public_html/wp-cron.php' (request: "POST /wp-cron.php?doing_wp_cron=1541057276.7192978858947753906250") executing too slow (4.090385 sec), logging
[02-Nov-2018 02:29:04] WARNING: [pool www] child 10983, script '/home/tokenbds.io/public_html/wp-cron.php' (request: "POST /wp-cron.php?doing_wp_cron=1541100539.8896350860595703125000") executing too slow (4.292364 sec), logging
[02-Nov-2018 14:19:50] WARNING: [pool www] child 10981, script '/home/tokenbds.io/public_html/wp-cron.php' (request: "POST /wp-cron.php?doing_wp_cron=1541143185.7300169467926025390625") executing too slow (4.389576 sec), logging
[03-Nov-2018 02:24:14] WARNING: [pool www] child 14088, script '/home/tokenbds.io/public_html/wp-cron.php' (request: "POST /wp-cron.php?doing_wp_cron=1541186649.5344591140747070312500") executing too slow (4.871126 sec), logging
[03-Nov-2018 14:41:23] WARNING: [pool www] child 14085, script '/home/tokenbds.io/public_html/wp-cron.php' (request: "POST /wp-cron.php?doing_wp_cron=1541230877.6894509792327880859375") executing too slow (5.255747 sec), logging
[03-Nov-2018 18:07:42] WARNING: [pool www] child 14087, script '/home/tokenbds.io/public_html/wp-admin/admin-ajax.php' (request: "GET /wp-admin/admin-ajax.php?action=dashboard-widgets&widget=dashboard_primary&pagenow=dashboard") executing too slow (4.727062 sec), logging
[04-Nov-2018 02:19:52] WARNING: [pool www] child 14060, script '/home/tokenbds.io/public_html/wp-cron.php' (request: "POST /wp-cron.php?doing_wp_cron=1541272786.6881849765777587890625") executing too slow (4.823990 sec), logging
[04-Nov-2018 14:23:54] WARNING: [pool www] child 14085, script '/home/tokenbds.io/public_html/wp-cron.php' (request: "POST /wp-cron.php?doing_wp_cron=1541316230.2668929100036621093750") executing too slow (4.144684 sec), logging
[05-Nov-2018 02:31:20] WARNING: [pool www] child 14085, script '/home/tokenbds.io/public_html/wp-cron.php' (request: "POST /wp-cron.php?doing_wp_cron=1541359874.8736579418182373046875") executing too slow (5.301905 sec), logging
[05-Nov-2018 14:23:37] WARNING: [pool www] child 14060, script '/home/tokenbds.io/public_html/wp-cron.php' (request: "POST /wp-cron.php?doing_wp_cron=1541402612.5520389080047607421875") executing too slow (4.451892 sec), logging
[06-Nov-2018 02:23:17] WARNING: [pool www] child 14060, script '/home/tokenbds.io/public_html/wp-cron.php' (request: "POST /wp-cron.php?doing_wp_cron=1541445792.0960409641265869140625") executing too slow (4.842100 sec), logging
[06-Nov-2018 14:28:18] WARNING: [pool www] child 14060, script '/home/tokenbds.io/public_html/wp-cron.php' (request: "POST /wp-cron.php?doing_wp_cron=1541489293.7583990097045898437500") executing too slow (4.902925 sec), logging
[07-Nov-2018 02:40:04] WARNING: [pool www] child 14085, script '/home/tokenbds.io/public_html/wp-cron.php' (request: "POST /wp-cron.php?doing_wp_cron=1541533199.0080430507659912109375") executing too slow (5.016733 sec), logging
[07-Nov-2018 05:22:00] WARNING: [pool www] child 15372, script '/home/tokenbds.io/public_html/index.php' (request: "GET /index.php") executing too slow (4.106362 sec), logging
[07-Nov-2018 05:37:05] WARNING: [pool www] child 14087, script '/home/tokenbds.io/public_html/index.php' (request: "GET /index.php") executing too slow (4.027544 sec), logging
[07-Nov-2018 08:20:11] WARNING: [pool www] child 14060, script '/home/tokenbds.io/public_html/index.php' (request: "GET /index.php") executing too slow (5.323402 sec), logging
[07-Nov-2018 10:29:43] WARNING: [pool www] child 14085, script '/home/tokenbds.io/public_html/index.php' (request: "GET /index.php") executing too slow (4.863175 sec), logging
[07-Nov-2018 11:20:35] WARNING: [pool www] child 14088, script '/home/tokenbds.io/public_html/index.php' (request: "GET /index.php") executing too slow (4.323868 sec), logging
[07-Nov-2018 12:24:39] WARNING: [pool www] child 15372, script '/home/tokenbds.io/public_html/index.php' (request: "GET /index.php") executing too slow (4.265330 sec), logging
[07-Nov-2018 14:32:13] WARNING: [pool www] child 14060, script '/home/tokenbds.io/public_html/index.php' (request: "GET /index.php") executing too slow (4.156422 sec), logging
[07-Nov-2018 14:33:47] WARNING: [pool www] child 14069, script '/home/tokenbds.io/public_html/wp-cron.php' (request: "POST /wp-cron.php?doing_wp_cron=1541576022.0764250755310058593750") executing too slow (5.125516 sec), logging
[07-Nov-2018 15:19:47] WARNING: [pool www] child 14069, script '/home/tokenbds.io/public_html/index.php' (request: "HEAD /index.php") executing too slow (4.728072 sec), logging
[07-Nov-2018 16:34:46] WARNING: [pool www] child 14085, script '/home/tokenbds.io/public_html/index.php' (request: "GET /index.php") executing too slow (4.698160 sec), logging
[07-Nov-2018 16:52:48] WARNING: [pool www] child 14087, script '/home/tokenbds.io/public_html/index.php' (request: "GET /index.php") executing too slow (4.616158 sec), logging
[07-Nov-2018 17:13:30] WARNING: [pool www] child 15372, script '/home/tokenbds.io/public_html/index.php' (request: "GET /index.php") executing too slow (4.055594 sec), logging
[08-Nov-2018 02:23:18] WARNING: [pool www] child 15372, script '/home/tokenbds.io/public_html/wp-cron.php' (request: "POST /wp-cron.php?doing_wp_cron=1541618593.2640039920806884765625") executing too slow (5.061872 sec), logging
[08-Nov-2018 14:45:44] WARNING: [pool www] child 14069, script '/home/tokenbds.io/public_html/wp-cron.php' (request: "POST /wp-cron.php?doing_wp_cron=1541663140.2041890621185302734375") executing too slow (4.191527 sec), logging
[09-Nov-2018 02:21:40] WARNING: [pool www] child 14060, script '/home/tokenbds.io/public_html/wp-cron.php' (request: "POST /wp-cron.php?doing_wp_cron=1541704895.4287519454956054687500") executing too slow (4.771015 sec), logging
[09-Nov-2018 14:28:16] WARNING: [pool www] child 20013, script '/home/tokenbds.io/public_html/wp-cron.php' (request: "POST /wp-cron.php?doing_wp_cron=1541748491.2129640579223632812500") executing too slow (4.321142 sec), logging
[10-Nov-2018 02:24:06] WARNING: [pool www] child 20003, script '/home/tokenbds.io/public_html/wp-cron.php' (request: "POST /wp-cron.php?doing_wp_cron=1541791441.2487208843231201171875") executing too slow (4.854228 sec), logging
[10-Nov-2018 14:24:25] WARNING: [pool www] child 20009, script '/home/tokenbds.io/public_html/wp-cron.php' (request: "POST /wp-cron.php?doing_wp_cron=1541834660.8644580841064453125000") executing too slow (4.292505 sec), logging
[11-Nov-2018 02:26:28] WARNING: [pool www] child 20011, script '/home/tokenbds.io/public_html/wp-cron.php' (request: "POST /wp-cron.php?doing_wp_cron=1541877983.2043550014495849609375") executing too slow (4.862239 sec), logging
[11-Nov-2018 14:29:28] WARNING: [pool www] child 20013, script '/home/tokenbds.io/public_html/wp-cron.php' (request: "POST /wp-cron.php?doing_wp_cron=1541921363.1873049736022949218750") executing too slow (4.786277 sec), logging
[12-Nov-2018 02:20:02] WARNING: [pool www] child 22729, script '/home/tokenbds.io/public_html/wp-cron.php' (request: "POST /wp-cron.php?doing_wp_cron=1541963997.1136031150817871093750") executing too slow (5.300324 sec), logging
[12-Nov-2018 14:19:44] WARNING: [pool www] child 22729, script '/home/tokenbds.io/public_html/wp-cron.php' (request: "POST /wp-cron.php?doing_wp_cron=1542007179.5556030273437500000000") executing too slow (4.379166 sec), logging
[13-Nov-2018 02:37:45] WARNING: [pool www] child 22634, script '/home/tokenbds.io/public_html/wp-cron.php' (request: "POST /wp-cron.php?doing_wp_cron=1542051460.5404250621795654296875") executing too slow (4.762923 sec), logging
[13-Nov-2018 14:24:22] WARNING: [pool www] child 22803, script '/home/tokenbds.io/public_html/wp-cron.php' (request: "POST /wp-cron.php?doing_wp_cron=1542093857.2045049667358398437500") executing too slow (4.632904 sec), logging
[14-Nov-2018 02:23:52] WARNING: [pool www] child 22729, script '/home/tokenbds.io/public_html/wp-cron.php' (request: "POST /wp-cron.php?doing_wp_cron=1542137027.0847389698028564453125") executing too slow (5.194713 sec), logging
[14-Nov-2018 14:35:14] WARNING: [pool www] child 22729, script '/home/tokenbds.io/public_html/index.php' (request: "GET /index.php") executing too slow (4.302314 sec), logging
[14-Nov-2018 14:45:30] WARNING: [pool www] child 22689, script '/home/tokenbds.io/public_html/wp-cron.php' (request: "POST /wp-cron.php?doing_wp_cron=1542181525.8487889766693115234375") executing too slow (4.122106 sec), logging
[15-Nov-2018 02:57:00] WARNING: [pool www] child 25400, script '/home/tokenbds.io/public_html/wp-cron.php' (request: "POST /wp-cron.php?doing_wp_cron=1542225414.5119400024414062500000") executing too slow (5.262281 sec), logging
[15-Nov-2018 14:23:21] WARNING: [pool www] child 25396, script '/home/tokenbds.io/public_html/wp-cron.php' (request: "POST /wp-cron.php?doing_wp_cron=1542266595.9428820610046386718750") executing too slow (4.767924 sec), logging
[16-Nov-2018 02:26:33] WARNING: [pool www] child 25397, script '/home/tokenbds.io/public_html/wp-cron.php' (request: "POST /wp-cron.php?doing_wp_cron=1542309988.6592559814453125000000") executing too slow (4.070395 sec), logging
[16-Nov-2018 14:29:41] WARNING: [pool www] child 25396, script '/home/tokenbds.io/public_html/wp-cron.php' (request: "POST /wp-cron.php?doing_wp_cron=1542353375.9738008975982666015625") executing too slow (4.835181 sec), logging
[17-Nov-2018 02:20:08] WARNING: [pool www] child 25396, script '/home/tokenbds.io/public_html/wp-cron.php' (request: "POST /wp-cron.php?doing_wp_cron=1542396003.6435151100158691406250") executing too slow (4.240340 sec), logging
[17-Nov-2018 14:19:53] WARNING: [pool www] child 28274, script '/home/tokenbds.io/public_html/wp-cron.php' (request: "POST /wp-cron.php?doing_wp_cron=1542439188.2866640090942382812500") executing too slow (4.720433 sec), logging
[18-Nov-2018 02:30:46] WARNING: [pool www] child 28271, script '/home/tokenbds.io/public_html/wp-cron.php' (request: "POST /wp-cron.php?doing_wp_cron=1542483041.0375850200653076171875") executing too slow (5.069302 sec), logging
[18-Nov-2018 14:21:55] WARNING: [pool www] child 31213, script '/home/tokenbds.io/public_html/wp-cron.php' (request: "POST /wp-cron.php?doing_wp_cron=1542525709.8706569671630859375000") executing too slow (4.892156 sec), logging
[19-Nov-2018 02:22:33] WARNING: [pool www] child 28275, script '/home/tokenbds.io/public_html/wp-cron.php' (request: "POST /wp-cron.php?doing_wp_cron=1542568948.7731699943542480468750") executing too slow (4.072750 sec), logging
[19-Nov-2018 14:32:50] WARNING: [pool www] child 31213, script '/home/tokenbds.io/public_html/wp-cron.php' (request: "POST /wp-cron.php?doing_wp_cron=1542612765.8414669036865234375000") executing too slow (4.800963 sec), logging
[20-Nov-2018 02:26:46] WARNING: [pool www] child 28275, script '/home/tokenbds.io/public_html/wp-cron.php' (request: "POST /wp-cron.php?doing_wp_cron=1542655600.7065799236297607421875") executing too slow (4.979859 sec), logging
[20-Nov-2018 14:21:45] WARNING: [pool www] child 31213, script '/home/tokenbds.io/public_html/wp-cron.php' (request: "POST /wp-cron.php?doing_wp_cron=1542698499.7688701152801513671875") executing too slow (5.169817 sec), logging
[21-Nov-2018 02:33:03] WARNING: [pool www] child 483, script '/home/tokenbds.io/public_html/wp-cron.php' (request: "POST /wp-cron.php?doing_wp_cron=1542742378.9050939083099365234375") executing too slow (4.759486 sec), logging
[21-Nov-2018 14:22:54] WARNING: [pool www] child 471, script '/home/tokenbds.io/public_html/wp-cron.php' (request: "POST /wp-cron.php?doing_wp_cron=1542784969.1529860496520996093750") executing too slow (5.265979 sec), logging
[22-Nov-2018 02:23:29] WARNING: [pool www] child 471, script '/home/tokenbds.io/public_html/wp-cron.php' (request: "POST /wp-cron.php?doing_wp_cron=1542828204.2226140499114990234375") executing too slow (4.554075 sec), logging
[22-Nov-2018 14:38:44] WARNING: [pool www] child 471, script '/home/tokenbds.io/public_html/wp-cron.php' (request: "POST /wp-cron.php?doing_wp_cron=1542872319.6629180908203125000000") executing too slow (4.775860 sec), logging
[23-Nov-2018 02:20:48] WARNING: [pool www] child 612, script '/home/tokenbds.io/public_html/wp-cron.php' (request: "POST /wp-cron.php?doing_wp_cron=1542914442.2759070396423339843750") executing too slow (5.317464 sec), logging
[23-Nov-2018 14:29:55] WARNING: [pool www] child 590, script '/home/tokenbds.io/public_html/wp-cron.php' (request: "POST /wp-cron.php?doing_wp_cron=1542958190.2633769512176513671875") executing too slow (5.050979 sec), logging
[24-Nov-2018 02:21:04] WARNING: [pool www] child 3210, script '/home/tokenbds.io/public_html/wp-cron.php' (request: "POST /wp-cron.php?doing_wp_cron=1543000859.4512779712677001953125") executing too slow (4.566429 sec), logging
[24-Nov-2018 14:23:13] WARNING: [pool www] child 3454, script '/home/tokenbds.io/public_html/wp-cron.php' (request: "POST /wp-cron.php?doing_wp_cron=1543044188.4567589759826660156250") executing too slow (5.091347 sec), logging
[25-Nov-2018 02:26:47] WARNING: [pool www] child 3209, script '/home/tokenbds.io/public_html/wp-cron.php' (request: "POST /wp-cron.php?doing_wp_cron=1543087601.8272650241851806640625") executing too slow (4.918979 sec), logging
[25-Nov-2018 14:30:04] WARNING: [pool www] child 3277, script '/home/tokenbds.io/public_html/wp-cron.php' (request: "POST /wp-cron.php?doing_wp_cron=1543130999.1593821048736572265625") executing too slow (4.395633 sec), logging
[26-Nov-2018 02:24:38] WARNING: [pool www] child 3277, script '/home/tokenbds.io/public_html/wp-cron.php' (request: "POST /wp-cron.php?doing_wp_cron=1543173873.0148348808288574218750") executing too slow (4.872100 sec), logging
[26-Nov-2018 14:25:47] WARNING: [pool www] child 4558, script '/home/tokenbds.io/public_html/wp-cron.php' (request: "POST /wp-cron.php?doing_wp_cron=1543217142.1687490940093994140625") executing too slow (5.012219 sec), logging
[27-Nov-2018 02:27:22] WARNING: [pool www] child 3454, script '/home/tokenbds.io/public_html/wp-cron.php' (request: "POST /wp-cron.php?doing_wp_cron=1543260436.6828370094299316406250") executing too slow (5.325430 sec), logging
[27-Nov-2018 14:50:02] WARNING: [pool www] child 6616, script '/home/tokenbds.io/public_html/wp-cron.php' (request: "POST /wp-cron.php?doing_wp_cron=1543304997.2254700660705566406250") executing too slow (4.346763 sec), logging
[28-Nov-2018 02:19:40] WARNING: [pool www] child 7244, script '/home/tokenbds.io/public_html/wp-cron.php' (request: "POST /wp-cron.php?doing_wp_cron=1543346375.2133970260620117187500") executing too slow (4.943543 sec), logging
[28-Nov-2018 14:41:26] WARNING: [pool www] child 7441, script '/home/tokenbds.io/public_html/wp-cron.php' (request: "POST /wp-cron.php?doing_wp_cron=1543390881.4544548988342285156250") executing too slow (4.556918 sec), logging
[29-Nov-2018 02:26:28] WARNING: [pool www] child 7394, script '/home/tokenbds.io/public_html/wp-cron.php' (request: "POST /wp-cron.php?doing_wp_cron=1543433183.5010049343109130859375") executing too slow (4.975212 sec), logging
[29-Nov-2018 14:22:45] WARNING: [pool www] child 7395, script '/home/tokenbds.io/public_html/wp-cron.php' (request: "POST /wp-cron.php?doing_wp_cron=1543476159.7936511039733886718750") executing too slow (5.015173 sec), logging
[30-Nov-2018 02:22:01] WARNING: [pool www] child 7397, script '/home/tokenbds.io/public_html/wp-cron.php' (request: "POST /wp-cron.php?doing_wp_cron=1543519316.0023789405822753906250") executing too slow (4.752546 sec), logging
[30-Nov-2018 15:25:04] WARNING: [pool www] child 7398, script '/home/tokenbds.io/public_html/wp-cron.php' (request: "POST /wp-cron.php?doing_wp_cron=1543566300.3676919937133789062500") executing too slow (4.079628 sec), logging
[01-Dec-2018 00:07:37] WARNING: [pool www] child 8999, script '/home/tokenbds.io/public_html/index.php' (request: "GET /index.php") executing too slow (4.574564 sec), logging
[01-Dec-2018 02:23:49] WARNING: [pool www] child 8999, script '/home/tokenbds.io/public_html/wp-cron.php' (request: "POST /wp-cron.php?doing_wp_cron=1543605824.1876270771026611328125") executing too slow (4.734993 sec), logging
[01-Dec-2018 14:24:09] WARNING: [pool www] child 9000, script '/home/tokenbds.io/public_html/wp-cron.php' (request: "POST /wp-cron.php?doing_wp_cron=1543649044.6566150188446044921875") executing too slow (4.375816 sec), logging
[02-Dec-2018 02:32:12] WARNING: [pool www] child 9652, script '/home/tokenbds.io/public_html/wp-cron.php' (request: "POST /wp-cron.php?doing_wp_cron=1543692726.7885570526123046875000") executing too slow (5.057327 sec), logging
[02-Dec-2018 14:28:24] WARNING: [pool www] child 10070, script '/home/tokenbds.io/public_html/wp-cron.php' (request: "POST /wp-cron.php?doing_wp_cron=1543735699.4793539047241210937500") executing too slow (4.848096 sec), logging
[02-Dec-2018 21:29:27] WARNING: [pool www] child 10068, script '/home/tokenbds.io/public_html/xmlrpc.php' (request: "POST /xmlrpc.php") executing too slow (5.028598 sec), logging
[03-Dec-2018 02:31:28] WARNING: [pool www] child 10070, script '/home/tokenbds.io/public_html/wp-cron.php' (request: "POST /wp-cron.php?doing_wp_cron=1543779083.7049989700317382812500") executing too slow (4.610245 sec), logging
[03-Dec-2018 14:23:52] WARNING: [pool www] child 10071, script '/home/tokenbds.io/public_html/wp-cron.php' (request: "POST /wp-cron.php?doing_wp_cron=1543821828.1597149372100830078125") executing too slow (4.029508 sec), logging
[04-Dec-2018 02:19:44] WARNING: [pool www] child 10774, script '/home/tokenbds.io/public_html/wp-cron.php' (request: "POST /wp-cron.php?doing_wp_cron=1543864780.1801309585571289062500") executing too slow (4.063005 sec), logging
[04-Dec-2018 14:19:50] WARNING: [pool www] child 10774, script '/home/tokenbds.io/public_html/wp-cron.php' (request: "POST /wp-cron.php?doing_wp_cron=1543907985.4495630264282226562500") executing too slow (4.536443 sec), logging
[05-Dec-2018 02:23:10] WARNING: [pool www] child 11115, script '/home/tokenbds.io/public_html/wp-cron.php' (request: "POST /wp-cron.php?doing_wp_cron=1543951386.0782020092010498046875") executing too slow (4.332995 sec), logging
[05-Dec-2018 14:24:17] WARNING: [pool www] child 11639, script '/home/tokenbds.io/public_html/wp-cron.php' (request: "POST /wp-cron.php?doing_wp_cron=1543994652.1261000633239746093750") executing too slow (5.213402 sec), logging
[06-Dec-2018 02:23:05] WARNING: [pool www] child 11623, script '/home/tokenbds.io/public_html/wp-cron.php' (request: "POST /wp-cron.php?doing_wp_cron=1544037780.3376069068908691406250") executing too slow (4.980795 sec), logging
[06-Dec-2018 14:26:30] WARNING: [pool www] child 12227, script '/home/tokenbds.io/public_html/wp-cron.php' (request: "POST /wp-cron.php?doing_wp_cron=1544081185.1563050746917724609375") executing too slow (4.449977 sec), logging
[07-Dec-2018 02:25:55] WARNING: [pool www] child 12222, script '/home/tokenbds.io/public_html/wp-cron.php' (request: "POST /wp-cron.php?doing_wp_cron=1544124349.8810389041900634765625") executing too slow (5.209852 sec), logging
[07-Dec-2018 14:19:40] WARNING: [pool www] child 12222, script '/home/tokenbds.io/public_html/wp-cron.php' (request: "POST /wp-cron.php?doing_wp_cron=1544167175.9808189868927001953125") executing too slow (4.051689 sec), logging
[08-Dec-2018 02:23:22] WARNING: [pool www] child 12225, script '/home/tokenbds.io/public_html/wp-cron.php' (request: "POST /wp-cron.php?doing_wp_cron=1544210597.5254430770874023437500") executing too slow (4.117746 sec), logging
[08-Dec-2018 14:38:21] WARNING: [pool www] child 12434, script '/home/tokenbds.io/public_html/wp-cron.php' (request: "POST /wp-cron.php?doing_wp_cron=1544254696.2935540676116943359375") executing too slow (4.548297 sec), logging
[09-Dec-2018 02:28:07] WARNING: [pool www] child 12226, script '/home/tokenbds.io/public_html/wp-cron.php' (request: "POST /wp-cron.php?doing_wp_cron=1544297282.9962899684906005859375") executing too slow (4.064166 sec), logging
[09-Dec-2018 14:19:40] WARNING: [pool www] child 13837, script '/home/tokenbds.io/public_html/wp-cron.php' (request: "POST /wp-cron.php?doing_wp_cron=1544339975.0876629352569580078125") executing too slow (5.304001 sec), logging
[10-Dec-2018 02:37:24] WARNING: [pool www] child 837, script '/home/tokenbds.io/public_html/wp-cron.php' (request: "POST /wp-cron.php?doing_wp_cron=1544384238.2174429893493652343750") executing too slow (5.279779 sec), logging
[10-Dec-2018 14:31:22] WARNING: [pool www] child 834, script '/home/tokenbds.io/public_html/wp-cron.php' (request: "POST /wp-cron.php?doing_wp_cron=1544427077.5561780929565429687500") executing too slow (5.112636 sec), logging
