[25-Oct-2018 07:15:06 UTC] WordPress database error Unknown column 'wp_' in 'field list' for query SELECT wp_
[25-Oct-2018 07:28:12 UTC] PHP Warning:  A non-numeric value encountered in /home/tokenbds.io/public_html/wp-includes/class-wp-rewrite.php on line 1012
[25-Oct-2018 07:28:12 UTC] PHP Warning:  A non-numeric value encountered in /home/tokenbds.io/public_html/wp-includes/class-wp-rewrite.php on line 1012
[25-Oct-2018 07:28:12 UTC] PHP Warning:  A non-numeric value encountered in /home/tokenbds.io/public_html/wp-includes/class-wp-rewrite.php on line 1012
[25-Oct-2018 07:28:12 UTC] PHP Warning:  A non-numeric value encountered in /home/tokenbds.io/public_html/wp-includes/class-wp-rewrite.php on line 1012
[25-Oct-2018 07:28:12 UTC] PHP Warning:  A non-numeric value encountered in /home/tokenbds.io/public_html/wp-includes/class-wp-rewrite.php on line 1012
[25-Oct-2018 07:28:12 UTC] PHP Warning:  A non-numeric value encountered in /home/tokenbds.io/public_html/wp-includes/class-wp-rewrite.php on line 1012
[25-Oct-2018 07:28:12 UTC] PHP Warning:  A non-numeric value encountered in /home/tokenbds.io/public_html/wp-includes/class-wp-rewrite.php on line 1012
[25-Oct-2018 07:28:12 UTC] PHP Warning:  A non-numeric value encountered in /home/tokenbds.io/public_html/wp-includes/class-wp-rewrite.php on line 1012
[25-Oct-2018 07:28:12 UTC] PHP Warning:  A non-numeric value encountered in /home/tokenbds.io/public_html/wp-includes/class-wp-rewrite.php on line 1116
[25-Oct-2018 07:28:12 UTC] PHP Warning:  A non-numeric value encountered in /home/tokenbds.io/public_html/wp-includes/class-wp-rewrite.php on line 1012
[25-Oct-2018 07:28:12 UTC] PHP Warning:  A non-numeric value encountered in /home/tokenbds.io/public_html/wp-includes/class-wp-rewrite.php on line 1012
[25-Oct-2018 07:28:12 UTC] PHP Warning:  A non-numeric value encountered in /home/tokenbds.io/public_html/wp-includes/class-wp-rewrite.php on line 1012
[25-Oct-2018 07:28:12 UTC] PHP Warning:  A non-numeric value encountered in /home/tokenbds.io/public_html/wp-includes/class-wp-rewrite.php on line 1012
[25-Oct-2018 07:28:12 UTC] PHP Warning:  A non-numeric value encountered in /home/tokenbds.io/public_html/wp-includes/class-wp-rewrite.php on line 1012
[25-Oct-2018 07:28:12 UTC] PHP Warning:  A non-numeric value encountered in /home/tokenbds.io/public_html/wp-includes/class-wp-rewrite.php on line 1012
[25-Oct-2018 07:28:12 UTC] PHP Warning:  A non-numeric value encountered in /home/tokenbds.io/public_html/wp-includes/class-wp-rewrite.php on line 1012
[25-Oct-2018 07:28:12 UTC] PHP Warning:  A non-numeric value encountered in /home/tokenbds.io/public_html/wp-includes/class-wp-rewrite.php on line 1012
[25-Oct-2018 07:28:12 UTC] PHP Warning:  A non-numeric value encountered in /home/tokenbds.io/public_html/wp-includes/class-wp-rewrite.php on line 1012
[25-Oct-2018 07:28:12 UTC] PHP Warning:  A non-numeric value encountered in /home/tokenbds.io/public_html/wp-includes/class-wp-rewrite.php on line 1012
[25-Oct-2018 07:28:12 UTC] PHP Warning:  A non-numeric value encountered in /home/tokenbds.io/public_html/wp-includes/class-wp-rewrite.php on line 1012
[25-Oct-2018 07:28:12 UTC] PHP Warning:  A non-numeric value encountered in /home/tokenbds.io/public_html/wp-includes/class-wp-rewrite.php on line 1012
[25-Oct-2018 07:28:12 UTC] PHP Warning:  A non-numeric value encountered in /home/tokenbds.io/public_html/wp-includes/class-wp-rewrite.php on line 1012
[25-Oct-2018 07:28:12 UTC] PHP Warning:  A non-numeric value encountered in /home/tokenbds.io/public_html/wp-includes/class-wp-rewrite.php on line 1012
[25-Oct-2018 07:28:12 UTC] PHP Warning:  A non-numeric value encountered in /home/tokenbds.io/public_html/wp-includes/class-wp-rewrite.php on line 1012
[25-Oct-2018 07:28:12 UTC] PHP Warning:  A non-numeric value encountered in /home/tokenbds.io/public_html/wp-includes/class-wp-rewrite.php on line 1012
[25-Oct-2018 07:28:12 UTC] PHP Warning:  A non-numeric value encountered in /home/tokenbds.io/public_html/wp-includes/class-wp-rewrite.php on line 1116
[25-Oct-2018 07:28:12 UTC] PHP Warning:  A non-numeric value encountered in /home/tokenbds.io/public_html/wp-includes/class-wp-rewrite.php on line 1012
[25-Oct-2018 07:28:12 UTC] PHP Warning:  A non-numeric value encountered in /home/tokenbds.io/public_html/wp-includes/class-wp-rewrite.php on line 1012
[25-Oct-2018 07:28:12 UTC] PHP Warning:  A non-numeric value encountered in /home/tokenbds.io/public_html/wp-includes/class-wp-rewrite.php on line 1012
[25-Oct-2018 07:28:12 UTC] PHP Warning:  A non-numeric value encountered in /home/tokenbds.io/public_html/wp-includes/class-wp-rewrite.php on line 1012
[25-Oct-2018 07:28:12 UTC] PHP Warning:  A non-numeric value encountered in /home/tokenbds.io/public_html/wp-includes/class-wp-rewrite.php on line 1012
[25-Oct-2018 07:28:12 UTC] PHP Warning:  A non-numeric value encountered in /home/tokenbds.io/public_html/wp-includes/class-wp-rewrite.php on line 1012
[25-Oct-2018 07:28:12 UTC] PHP Warning:  A non-numeric value encountered in /home/tokenbds.io/public_html/wp-includes/class-wp-rewrite.php on line 1012
[25-Oct-2018 07:28:12 UTC] PHP Warning:  A non-numeric value encountered in /home/tokenbds.io/public_html/wp-includes/class-wp-rewrite.php on line 1012
[25-Oct-2018 07:28:12 UTC] PHP Warning:  A non-numeric value encountered in /home/tokenbds.io/public_html/wp-includes/class-wp-rewrite.php on line 1012
[25-Oct-2018 07:28:12 UTC] PHP Warning:  A non-numeric value encountered in /home/tokenbds.io/public_html/wp-includes/class-wp-rewrite.php on line 1012
[25-Oct-2018 07:28:12 UTC] PHP Warning:  A non-numeric value encountered in /home/tokenbds.io/public_html/wp-includes/class-wp-rewrite.php on line 1116
[25-Oct-2018 07:28:12 UTC] PHP Warning:  A non-numeric value encountered in /home/tokenbds.io/public_html/wp-includes/class-wp-rewrite.php on line 1012
[25-Oct-2018 07:28:12 UTC] PHP Warning:  A non-numeric value encountered in /home/tokenbds.io/public_html/wp-includes/class-wp-rewrite.php on line 1012
[25-Oct-2018 07:28:12 UTC] PHP Warning:  A non-numeric value encountered in /home/tokenbds.io/public_html/wp-includes/class-wp-rewrite.php on line 1116
[25-Oct-2018 07:28:12 UTC] PHP Warning:  A non-numeric value encountered in /home/tokenbds.io/public_html/wp-includes/class-wp-rewrite.php on line 1012
[25-Oct-2018 07:28:12 UTC] PHP Warning:  A non-numeric value encountered in /home/tokenbds.io/public_html/wp-includes/class-wp-rewrite.php on line 1012
[25-Oct-2018 07:28:12 UTC] PHP Warning:  A non-numeric value encountered in /home/tokenbds.io/public_html/wp-includes/class-wp-rewrite.php on line 1002
[25-Oct-2018 07:28:12 UTC] PHP Warning:  A non-numeric value encountered in /home/tokenbds.io/public_html/wp-includes/class-wp-rewrite.php on line 1002
[25-Oct-2018 07:28:12 UTC] PHP Warning:  A non-numeric value encountered in /home/tokenbds.io/public_html/wp-includes/class-wp-rewrite.php on line 1004
[25-Oct-2018 07:28:12 UTC] PHP Warning:  A non-numeric value encountered in /home/tokenbds.io/public_html/wp-includes/class-wp-rewrite.php on line 1012
[25-Oct-2018 07:28:12 UTC] PHP Warning:  A non-numeric value encountered in /home/tokenbds.io/public_html/wp-includes/class-wp-rewrite.php on line 1116
[25-Oct-2018 07:28:12 UTC] PHP Warning:  A non-numeric value encountered in /home/tokenbds.io/public_html/wp-includes/class-wp-rewrite.php on line 1012
[25-Oct-2018 07:28:12 UTC] PHP Warning:  A non-numeric value encountered in /home/tokenbds.io/public_html/wp-includes/class-wp-rewrite.php on line 1012
[25-Oct-2018 07:28:12 UTC] PHP Warning:  A non-numeric value encountered in /home/tokenbds.io/public_html/wp-includes/class-wp-rewrite.php on line 1116
[25-Oct-2018 07:28:12 UTC] PHP Warning:  A non-numeric value encountered in /home/tokenbds.io/public_html/wp-includes/class-wp-rewrite.php on line 1012
[25-Oct-2018 07:28:12 UTC] PHP Warning:  A non-numeric value encountered in /home/tokenbds.io/public_html/wp-includes/class-wp-rewrite.php on line 1012
[25-Oct-2018 07:28:12 UTC] PHP Warning:  A non-numeric value encountered in /home/tokenbds.io/public_html/wp-includes/class-wp-rewrite.php on line 1012
[25-Oct-2018 07:28:12 UTC] PHP Warning:  A non-numeric value encountered in /home/tokenbds.io/public_html/wp-includes/class-wp-rewrite.php on line 1012
[25-Oct-2018 07:28:12 UTC] PHP Warning:  A non-numeric value encountered in /home/tokenbds.io/public_html/wp-includes/class-wp-rewrite.php on line 1116
[25-Oct-2018 07:28:12 UTC] PHP Warning:  A non-numeric value encountered in /home/tokenbds.io/public_html/wp-includes/class-wp-rewrite.php on line 1012
[25-Oct-2018 07:28:12 UTC] PHP Warning:  A non-numeric value encountered in /home/tokenbds.io/public_html/wp-includes/class-wp-rewrite.php on line 1012
[25-Oct-2018 07:28:12 UTC] PHP Warning:  A non-numeric value encountered in /home/tokenbds.io/public_html/wp-includes/class-wp-rewrite.php on line 1116
[25-Oct-2018 07:28:12 UTC] PHP Warning:  A non-numeric value encountered in /home/tokenbds.io/public_html/wp-includes/class-wp-rewrite.php on line 1012
[25-Oct-2018 07:28:12 UTC] PHP Warning:  A non-numeric value encountered in /home/tokenbds.io/public_html/wp-includes/class-wp-rewrite.php on line 1012
[25-Oct-2018 07:28:12 UTC] PHP Warning:  A non-numeric value encountered in /home/tokenbds.io/public_html/wp-includes/class-wp-rewrite.php on line 1012
[25-Oct-2018 07:28:12 UTC] PHP Warning:  A non-numeric value encountered in /home/tokenbds.io/public_html/wp-includes/class-wp-rewrite.php on line 1012
[25-Oct-2018 07:28:12 UTC] PHP Warning:  A non-numeric value encountered in /home/tokenbds.io/public_html/wp-includes/class-wp-rewrite.php on line 1116
[25-Oct-2018 07:28:12 UTC] PHP Warning:  A non-numeric value encountered in /home/tokenbds.io/public_html/wp-includes/class-wp-rewrite.php on line 1012
[25-Oct-2018 07:28:12 UTC] PHP Warning:  A non-numeric value encountered in /home/tokenbds.io/public_html/wp-includes/class-wp-rewrite.php on line 1012
[25-Oct-2018 07:28:12 UTC] PHP Warning:  A non-numeric value encountered in /home/tokenbds.io/public_html/wp-includes/class-wp-rewrite.php on line 1012
[25-Oct-2018 07:28:12 UTC] PHP Warning:  A non-numeric value encountered in /home/tokenbds.io/public_html/wp-includes/class-wp-rewrite.php on line 1012
[25-Oct-2018 07:28:12 UTC] PHP Warning:  A non-numeric value encountered in /home/tokenbds.io/public_html/wp-includes/class-wp-rewrite.php on line 1116
[25-Oct-2018 07:28:12 UTC] PHP Warning:  A non-numeric value encountered in /home/tokenbds.io/public_html/wp-includes/class-wp-rewrite.php on line 1012
[25-Oct-2018 07:28:12 UTC] PHP Warning:  A non-numeric value encountered in /home/tokenbds.io/public_html/wp-includes/class-wp-rewrite.php on line 1012
[25-Oct-2018 07:28:12 UTC] PHP Warning:  A non-numeric value encountered in /home/tokenbds.io/public_html/wp-includes/class-wp-rewrite.php on line 1012
[25-Oct-2018 07:28:12 UTC] PHP Warning:  A non-numeric value encountered in /home/tokenbds.io/public_html/wp-includes/class-wp-rewrite.php on line 1012
[25-Oct-2018 07:28:12 UTC] PHP Warning:  A non-numeric value encountered in /home/tokenbds.io/public_html/wp-includes/class-wp-rewrite.php on line 1116
[25-Oct-2018 07:28:12 UTC] PHP Warning:  A non-numeric value encountered in /home/tokenbds.io/public_html/wp-includes/class-wp-rewrite.php on line 1012
[25-Oct-2018 07:28:12 UTC] PHP Warning:  A non-numeric value encountered in /home/tokenbds.io/public_html/wp-includes/class-wp-rewrite.php on line 1012
[25-Oct-2018 07:28:52 UTC] PHP Warning:  A non-numeric value encountered in /home/tokenbds.io/public_html/wp-includes/class-wp-rewrite.php on line 1012
[25-Oct-2018 07:28:52 UTC] PHP Warning:  A non-numeric value encountered in /home/tokenbds.io/public_html/wp-includes/class-wp-rewrite.php on line 1012
[25-Oct-2018 07:28:52 UTC] PHP Warning:  A non-numeric value encountered in /home/tokenbds.io/public_html/wp-includes/class-wp-rewrite.php on line 1012
[25-Oct-2018 07:28:52 UTC] PHP Warning:  A non-numeric value encountered in /home/tokenbds.io/public_html/wp-includes/class-wp-rewrite.php on line 1012
[25-Oct-2018 07:28:52 UTC] PHP Warning:  A non-numeric value encountered in /home/tokenbds.io/public_html/wp-includes/class-wp-rewrite.php on line 1012
[25-Oct-2018 07:28:52 UTC] PHP Warning:  A non-numeric value encountered in /home/tokenbds.io/public_html/wp-includes/class-wp-rewrite.php on line 1012
[25-Oct-2018 07:28:52 UTC] PHP Warning:  A non-numeric value encountered in /home/tokenbds.io/public_html/wp-includes/class-wp-rewrite.php on line 1012
[25-Oct-2018 07:28:52 UTC] PHP Warning:  A non-numeric value encountered in /home/tokenbds.io/public_html/wp-includes/class-wp-rewrite.php on line 1012
[25-Oct-2018 07:28:52 UTC] PHP Warning:  A non-numeric value encountered in /home/tokenbds.io/public_html/wp-includes/class-wp-rewrite.php on line 1116
[25-Oct-2018 07:28:52 UTC] PHP Warning:  A non-numeric value encountered in /home/tokenbds.io/public_html/wp-includes/class-wp-rewrite.php on line 1012
[25-Oct-2018 07:28:52 UTC] PHP Warning:  A non-numeric value encountered in /home/tokenbds.io/public_html/wp-includes/class-wp-rewrite.php on line 1012
[25-Oct-2018 07:28:52 UTC] PHP Warning:  A non-numeric value encountered in /home/tokenbds.io/public_html/wp-includes/class-wp-rewrite.php on line 1012
[25-Oct-2018 07:28:52 UTC] PHP Warning:  A non-numeric value encountered in /home/tokenbds.io/public_html/wp-includes/class-wp-rewrite.php on line 1012
[25-Oct-2018 07:28:52 UTC] PHP Warning:  A non-numeric value encountered in /home/tokenbds.io/public_html/wp-includes/class-wp-rewrite.php on line 1012
[25-Oct-2018 07:28:52 UTC] PHP Warning:  A non-numeric value encountered in /home/tokenbds.io/public_html/wp-includes/class-wp-rewrite.php on line 1012
[25-Oct-2018 07:28:52 UTC] PHP Warning:  A non-numeric value encountered in /home/tokenbds.io/public_html/wp-includes/class-wp-rewrite.php on line 1012
[25-Oct-2018 07:28:52 UTC] PHP Warning:  A non-numeric value encountered in /home/tokenbds.io/public_html/wp-includes/class-wp-rewrite.php on line 1012
[25-Oct-2018 07:28:52 UTC] PHP Warning:  A non-numeric value encountered in /home/tokenbds.io/public_html/wp-includes/class-wp-rewrite.php on line 1012
[25-Oct-2018 07:28:52 UTC] PHP Warning:  A non-numeric value encountered in /home/tokenbds.io/public_html/wp-includes/class-wp-rewrite.php on line 1012
[25-Oct-2018 07:28:52 UTC] PHP Warning:  A non-numeric value encountered in /home/tokenbds.io/public_html/wp-includes/class-wp-rewrite.php on line 1012
[25-Oct-2018 07:28:52 UTC] PHP Warning:  A non-numeric value encountered in /home/tokenbds.io/public_html/wp-includes/class-wp-rewrite.php on line 1012
[25-Oct-2018 07:28:52 UTC] PHP Warning:  A non-numeric value encountered in /home/tokenbds.io/public_html/wp-includes/class-wp-rewrite.php on line 1012
[25-Oct-2018 07:28:52 UTC] PHP Warning:  A non-numeric value encountered in /home/tokenbds.io/public_html/wp-includes/class-wp-rewrite.php on line 1012
[25-Oct-2018 07:28:52 UTC] PHP Warning:  A non-numeric value encountered in /home/tokenbds.io/public_html/wp-includes/class-wp-rewrite.php on line 1012
[25-Oct-2018 07:28:52 UTC] PHP Warning:  A non-numeric value encountered in /home/tokenbds.io/public_html/wp-includes/class-wp-rewrite.php on line 1012
[25-Oct-2018 07:28:52 UTC] PHP Warning:  A non-numeric value encountered in /home/tokenbds.io/public_html/wp-includes/class-wp-rewrite.php on line 1116
[25-Oct-2018 07:28:52 UTC] PHP Warning:  A non-numeric value encountered in /home/tokenbds.io/public_html/wp-includes/class-wp-rewrite.php on line 1012
[25-Oct-2018 07:28:52 UTC] PHP Warning:  A non-numeric value encountered in /home/tokenbds.io/public_html/wp-includes/class-wp-rewrite.php on line 1012
[25-Oct-2018 07:28:52 UTC] PHP Warning:  A non-numeric value encountered in /home/tokenbds.io/public_html/wp-includes/class-wp-rewrite.php on line 1012
[25-Oct-2018 07:28:52 UTC] PHP Warning:  A non-numeric value encountered in /home/tokenbds.io/public_html/wp-includes/class-wp-rewrite.php on line 1012
[25-Oct-2018 07:28:52 UTC] PHP Warning:  A non-numeric value encountered in /home/tokenbds.io/public_html/wp-includes/class-wp-rewrite.php on line 1012
[25-Oct-2018 07:28:52 UTC] PHP Warning:  A non-numeric value encountered in /home/tokenbds.io/public_html/wp-includes/class-wp-rewrite.php on line 1012
[25-Oct-2018 07:28:52 UTC] PHP Warning:  A non-numeric value encountered in /home/tokenbds.io/public_html/wp-includes/class-wp-rewrite.php on line 1012
[25-Oct-2018 07:28:52 UTC] PHP Warning:  A non-numeric value encountered in /home/tokenbds.io/public_html/wp-includes/class-wp-rewrite.php on line 1012
[25-Oct-2018 07:28:52 UTC] PHP Warning:  A non-numeric value encountered in /home/tokenbds.io/public_html/wp-includes/class-wp-rewrite.php on line 1012
[25-Oct-2018 07:28:52 UTC] PHP Warning:  A non-numeric value encountered in /home/tokenbds.io/public_html/wp-includes/class-wp-rewrite.php on line 1012
[25-Oct-2018 07:28:52 UTC] PHP Warning:  A non-numeric value encountered in /home/tokenbds.io/public_html/wp-includes/class-wp-rewrite.php on line 1116
[25-Oct-2018 07:28:52 UTC] PHP Warning:  A non-numeric value encountered in /home/tokenbds.io/public_html/wp-includes/class-wp-rewrite.php on line 1012
[25-Oct-2018 07:28:52 UTC] PHP Warning:  A non-numeric value encountered in /home/tokenbds.io/public_html/wp-includes/class-wp-rewrite.php on line 1012
[25-Oct-2018 07:28:52 UTC] PHP Warning:  A non-numeric value encountered in /home/tokenbds.io/public_html/wp-includes/class-wp-rewrite.php on line 1116
[25-Oct-2018 07:28:52 UTC] PHP Warning:  A non-numeric value encountered in /home/tokenbds.io/public_html/wp-includes/class-wp-rewrite.php on line 1012
[25-Oct-2018 07:28:52 UTC] PHP Warning:  A non-numeric value encountered in /home/tokenbds.io/public_html/wp-includes/class-wp-rewrite.php on line 1012
[25-Oct-2018 07:28:52 UTC] PHP Warning:  A non-numeric value encountered in /home/tokenbds.io/public_html/wp-includes/class-wp-rewrite.php on line 1002
[25-Oct-2018 07:28:52 UTC] PHP Warning:  A non-numeric value encountered in /home/tokenbds.io/public_html/wp-includes/class-wp-rewrite.php on line 1002
[25-Oct-2018 07:28:52 UTC] PHP Warning:  A non-numeric value encountered in /home/tokenbds.io/public_html/wp-includes/class-wp-rewrite.php on line 1004
[25-Oct-2018 07:28:52 UTC] PHP Warning:  A non-numeric value encountered in /home/tokenbds.io/public_html/wp-includes/class-wp-rewrite.php on line 1012
[25-Oct-2018 07:28:52 UTC] PHP Warning:  A non-numeric value encountered in /home/tokenbds.io/public_html/wp-includes/class-wp-rewrite.php on line 1116
[25-Oct-2018 07:28:52 UTC] PHP Warning:  A non-numeric value encountered in /home/tokenbds.io/public_html/wp-includes/class-wp-rewrite.php on line 1012
[25-Oct-2018 07:28:52 UTC] PHP Warning:  A non-numeric value encountered in /home/tokenbds.io/public_html/wp-includes/class-wp-rewrite.php on line 1012
[25-Oct-2018 07:28:52 UTC] PHP Warning:  A non-numeric value encountered in /home/tokenbds.io/public_html/wp-includes/class-wp-rewrite.php on line 1116
[25-Oct-2018 07:28:52 UTC] PHP Warning:  A non-numeric value encountered in /home/tokenbds.io/public_html/wp-includes/class-wp-rewrite.php on line 1012
[25-Oct-2018 07:28:52 UTC] PHP Warning:  A non-numeric value encountered in /home/tokenbds.io/public_html/wp-includes/class-wp-rewrite.php on line 1012
[25-Oct-2018 07:28:52 UTC] PHP Warning:  A non-numeric value encountered in /home/tokenbds.io/public_html/wp-includes/class-wp-rewrite.php on line 1012
[25-Oct-2018 07:28:52 UTC] PHP Warning:  A non-numeric value encountered in /home/tokenbds.io/public_html/wp-includes/class-wp-rewrite.php on line 1012
[25-Oct-2018 07:28:52 UTC] PHP Warning:  A non-numeric value encountered in /home/tokenbds.io/public_html/wp-includes/class-wp-rewrite.php on line 1116
[25-Oct-2018 07:28:52 UTC] PHP Warning:  A non-numeric value encountered in /home/tokenbds.io/public_html/wp-includes/class-wp-rewrite.php on line 1012
[25-Oct-2018 07:28:52 UTC] PHP Warning:  A non-numeric value encountered in /home/tokenbds.io/public_html/wp-includes/class-wp-rewrite.php on line 1012
[25-Oct-2018 07:28:52 UTC] PHP Warning:  A non-numeric value encountered in /home/tokenbds.io/public_html/wp-includes/class-wp-rewrite.php on line 1116
[25-Oct-2018 07:28:52 UTC] PHP Warning:  A non-numeric value encountered in /home/tokenbds.io/public_html/wp-includes/class-wp-rewrite.php on line 1012
[25-Oct-2018 07:28:52 UTC] PHP Warning:  A non-numeric value encountered in /home/tokenbds.io/public_html/wp-includes/class-wp-rewrite.php on line 1012
[25-Oct-2018 07:28:52 UTC] PHP Warning:  A non-numeric value encountered in /home/tokenbds.io/public_html/wp-includes/class-wp-rewrite.php on line 1012
[25-Oct-2018 07:28:52 UTC] PHP Warning:  A non-numeric value encountered in /home/tokenbds.io/public_html/wp-includes/class-wp-rewrite.php on line 1012
[25-Oct-2018 07:28:52 UTC] PHP Warning:  A non-numeric value encountered in /home/tokenbds.io/public_html/wp-includes/class-wp-rewrite.php on line 1116
[25-Oct-2018 07:28:52 UTC] PHP Warning:  A non-numeric value encountered in /home/tokenbds.io/public_html/wp-includes/class-wp-rewrite.php on line 1012
[25-Oct-2018 07:28:52 UTC] PHP Warning:  A non-numeric value encountered in /home/tokenbds.io/public_html/wp-includes/class-wp-rewrite.php on line 1012
[25-Oct-2018 07:28:52 UTC] PHP Warning:  A non-numeric value encountered in /home/tokenbds.io/public_html/wp-includes/class-wp-rewrite.php on line 1012
[25-Oct-2018 07:28:52 UTC] PHP Warning:  A non-numeric value encountered in /home/tokenbds.io/public_html/wp-includes/class-wp-rewrite.php on line 1012
[25-Oct-2018 07:28:52 UTC] PHP Warning:  A non-numeric value encountered in /home/tokenbds.io/public_html/wp-includes/class-wp-rewrite.php on line 1116
[25-Oct-2018 07:28:52 UTC] PHP Warning:  A non-numeric value encountered in /home/tokenbds.io/public_html/wp-includes/class-wp-rewrite.php on line 1012
[25-Oct-2018 07:28:52 UTC] PHP Warning:  A non-numeric value encountered in /home/tokenbds.io/public_html/wp-includes/class-wp-rewrite.php on line 1012
[25-Oct-2018 07:28:52 UTC] PHP Warning:  A non-numeric value encountered in /home/tokenbds.io/public_html/wp-includes/class-wp-rewrite.php on line 1012
[25-Oct-2018 07:28:52 UTC] PHP Warning:  A non-numeric value encountered in /home/tokenbds.io/public_html/wp-includes/class-wp-rewrite.php on line 1012
[25-Oct-2018 07:28:52 UTC] PHP Warning:  A non-numeric value encountered in /home/tokenbds.io/public_html/wp-includes/class-wp-rewrite.php on line 1116
[25-Oct-2018 07:28:52 UTC] PHP Warning:  A non-numeric value encountered in /home/tokenbds.io/public_html/wp-includes/class-wp-rewrite.php on line 1012
[25-Oct-2018 07:28:52 UTC] PHP Warning:  A non-numeric value encountered in /home/tokenbds.io/public_html/wp-includes/class-wp-rewrite.php on line 1012
[25-Oct-2018 07:33:47 UTC] PHP Warning:  A non-numeric value encountered in /home/tokenbds.io/public_html/wp-includes/class-wp-rewrite.php on line 1012
[25-Oct-2018 07:33:47 UTC] PHP Warning:  A non-numeric value encountered in /home/tokenbds.io/public_html/wp-includes/class-wp-rewrite.php on line 1012
[25-Oct-2018 07:33:47 UTC] PHP Warning:  A non-numeric value encountered in /home/tokenbds.io/public_html/wp-includes/class-wp-rewrite.php on line 1012
[25-Oct-2018 07:33:47 UTC] PHP Warning:  A non-numeric value encountered in /home/tokenbds.io/public_html/wp-includes/class-wp-rewrite.php on line 1012
[25-Oct-2018 07:33:47 UTC] PHP Warning:  A non-numeric value encountered in /home/tokenbds.io/public_html/wp-includes/class-wp-rewrite.php on line 1012
[25-Oct-2018 07:33:47 UTC] PHP Warning:  A non-numeric value encountered in /home/tokenbds.io/public_html/wp-includes/class-wp-rewrite.php on line 1012
[25-Oct-2018 07:33:47 UTC] PHP Warning:  A non-numeric value encountered in /home/tokenbds.io/public_html/wp-includes/class-wp-rewrite.php on line 1012
[25-Oct-2018 07:33:47 UTC] PHP Warning:  A non-numeric value encountered in /home/tokenbds.io/public_html/wp-includes/class-wp-rewrite.php on line 1012
[25-Oct-2018 07:33:47 UTC] PHP Warning:  A non-numeric value encountered in /home/tokenbds.io/public_html/wp-includes/class-wp-rewrite.php on line 1116
[25-Oct-2018 07:33:47 UTC] PHP Warning:  A non-numeric value encountered in /home/tokenbds.io/public_html/wp-includes/class-wp-rewrite.php on line 1012
[25-Oct-2018 07:33:47 UTC] PHP Warning:  A non-numeric value encountered in /home/tokenbds.io/public_html/wp-includes/class-wp-rewrite.php on line 1012
[25-Oct-2018 07:33:47 UTC] PHP Warning:  A non-numeric value encountered in /home/tokenbds.io/public_html/wp-includes/class-wp-rewrite.php on line 1012
[25-Oct-2018 07:33:47 UTC] PHP Warning:  A non-numeric value encountered in /home/tokenbds.io/public_html/wp-includes/class-wp-rewrite.php on line 1012
[25-Oct-2018 07:33:47 UTC] PHP Warning:  A non-numeric value encountered in /home/tokenbds.io/public_html/wp-includes/class-wp-rewrite.php on line 1012
[25-Oct-2018 07:33:47 UTC] PHP Warning:  A non-numeric value encountered in /home/tokenbds.io/public_html/wp-includes/class-wp-rewrite.php on line 1012
[25-Oct-2018 07:33:47 UTC] PHP Warning:  A non-numeric value encountered in /home/tokenbds.io/public_html/wp-includes/class-wp-rewrite.php on line 1012
[25-Oct-2018 07:33:47 UTC] PHP Warning:  A non-numeric value encountered in /home/tokenbds.io/public_html/wp-includes/class-wp-rewrite.php on line 1012
[25-Oct-2018 07:33:47 UTC] PHP Warning:  A non-numeric value encountered in /home/tokenbds.io/public_html/wp-includes/class-wp-rewrite.php on line 1012
[25-Oct-2018 07:33:47 UTC] PHP Warning:  A non-numeric value encountered in /home/tokenbds.io/public_html/wp-includes/class-wp-rewrite.php on line 1012
[25-Oct-2018 07:33:47 UTC] PHP Warning:  A non-numeric value encountered in /home/tokenbds.io/public_html/wp-includes/class-wp-rewrite.php on line 1012
[25-Oct-2018 07:33:47 UTC] PHP Warning:  A non-numeric value encountered in /home/tokenbds.io/public_html/wp-includes/class-wp-rewrite.php on line 1012
[25-Oct-2018 07:33:47 UTC] PHP Warning:  A non-numeric value encountered in /home/tokenbds.io/public_html/wp-includes/class-wp-rewrite.php on line 1012
[25-Oct-2018 07:33:47 UTC] PHP Warning:  A non-numeric value encountered in /home/tokenbds.io/public_html/wp-includes/class-wp-rewrite.php on line 1012
[25-Oct-2018 07:33:47 UTC] PHP Warning:  A non-numeric value encountered in /home/tokenbds.io/public_html/wp-includes/class-wp-rewrite.php on line 1012
[25-Oct-2018 07:33:47 UTC] PHP Warning:  A non-numeric value encountered in /home/tokenbds.io/public_html/wp-includes/class-wp-rewrite.php on line 1012
[25-Oct-2018 07:33:47 UTC] PHP Warning:  A non-numeric value encountered in /home/tokenbds.io/public_html/wp-includes/class-wp-rewrite.php on line 1116
[25-Oct-2018 07:33:47 UTC] PHP Warning:  A non-numeric value encountered in /home/tokenbds.io/public_html/wp-includes/class-wp-rewrite.php on line 1012
[25-Oct-2018 07:33:47 UTC] PHP Warning:  A non-numeric value encountered in /home/tokenbds.io/public_html/wp-includes/class-wp-rewrite.php on line 1012
[25-Oct-2018 07:33:47 UTC] PHP Warning:  A non-numeric value encountered in /home/tokenbds.io/public_html/wp-includes/class-wp-rewrite.php on line 1012
[25-Oct-2018 07:33:47 UTC] PHP Warning:  A non-numeric value encountered in /home/tokenbds.io/public_html/wp-includes/class-wp-rewrite.php on line 1012
[25-Oct-2018 07:33:47 UTC] PHP Warning:  A non-numeric value encountered in /home/tokenbds.io/public_html/wp-includes/class-wp-rewrite.php on line 1012
[25-Oct-2018 07:33:47 UTC] PHP Warning:  A non-numeric value encountered in /home/tokenbds.io/public_html/wp-includes/class-wp-rewrite.php on line 1012
[25-Oct-2018 07:33:47 UTC] PHP Warning:  A non-numeric value encountered in /home/tokenbds.io/public_html/wp-includes/class-wp-rewrite.php on line 1012
[25-Oct-2018 07:33:47 UTC] PHP Warning:  A non-numeric value encountered in /home/tokenbds.io/public_html/wp-includes/class-wp-rewrite.php on line 1012
[25-Oct-2018 07:33:47 UTC] PHP Warning:  A non-numeric value encountered in /home/tokenbds.io/public_html/wp-includes/class-wp-rewrite.php on line 1012
[25-Oct-2018 07:33:47 UTC] PHP Warning:  A non-numeric value encountered in /home/tokenbds.io/public_html/wp-includes/class-wp-rewrite.php on line 1012
[25-Oct-2018 07:33:47 UTC] PHP Warning:  A non-numeric value encountered in /home/tokenbds.io/public_html/wp-includes/class-wp-rewrite.php on line 1116
[25-Oct-2018 07:33:47 UTC] PHP Warning:  A non-numeric value encountered in /home/tokenbds.io/public_html/wp-includes/class-wp-rewrite.php on line 1012
[25-Oct-2018 07:33:47 UTC] PHP Warning:  A non-numeric value encountered in /home/tokenbds.io/public_html/wp-includes/class-wp-rewrite.php on line 1012
[25-Oct-2018 07:33:47 UTC] PHP Warning:  A non-numeric value encountered in /home/tokenbds.io/public_html/wp-includes/class-wp-rewrite.php on line 1116
[25-Oct-2018 07:33:47 UTC] PHP Warning:  A non-numeric value encountered in /home/tokenbds.io/public_html/wp-includes/class-wp-rewrite.php on line 1012
[25-Oct-2018 07:33:47 UTC] PHP Warning:  A non-numeric value encountered in /home/tokenbds.io/public_html/wp-includes/class-wp-rewrite.php on line 1012
[25-Oct-2018 07:33:47 UTC] PHP Warning:  A non-numeric value encountered in /home/tokenbds.io/public_html/wp-includes/class-wp-rewrite.php on line 1002
[25-Oct-2018 07:33:47 UTC] PHP Warning:  A non-numeric value encountered in /home/tokenbds.io/public_html/wp-includes/class-wp-rewrite.php on line 1002
[25-Oct-2018 07:33:47 UTC] PHP Warning:  A non-numeric value encountered in /home/tokenbds.io/public_html/wp-includes/class-wp-rewrite.php on line 1004
[25-Oct-2018 07:33:47 UTC] PHP Warning:  A non-numeric value encountered in /home/tokenbds.io/public_html/wp-includes/class-wp-rewrite.php on line 1012
[25-Oct-2018 07:33:47 UTC] PHP Warning:  A non-numeric value encountered in /home/tokenbds.io/public_html/wp-includes/class-wp-rewrite.php on line 1116
[25-Oct-2018 07:33:47 UTC] PHP Warning:  A non-numeric value encountered in /home/tokenbds.io/public_html/wp-includes/class-wp-rewrite.php on line 1012
[25-Oct-2018 07:33:47 UTC] PHP Warning:  A non-numeric value encountered in /home/tokenbds.io/public_html/wp-includes/class-wp-rewrite.php on line 1012
[25-Oct-2018 07:33:47 UTC] PHP Warning:  A non-numeric value encountered in /home/tokenbds.io/public_html/wp-includes/class-wp-rewrite.php on line 1116
[25-Oct-2018 07:33:47 UTC] PHP Warning:  A non-numeric value encountered in /home/tokenbds.io/public_html/wp-includes/class-wp-rewrite.php on line 1012
[25-Oct-2018 07:33:47 UTC] PHP Warning:  A non-numeric value encountered in /home/tokenbds.io/public_html/wp-includes/class-wp-rewrite.php on line 1012
[25-Oct-2018 07:33:47 UTC] PHP Warning:  A non-numeric value encountered in /home/tokenbds.io/public_html/wp-includes/class-wp-rewrite.php on line 1012
[25-Oct-2018 07:33:47 UTC] PHP Warning:  A non-numeric value encountered in /home/tokenbds.io/public_html/wp-includes/class-wp-rewrite.php on line 1012
[25-Oct-2018 07:33:47 UTC] PHP Warning:  A non-numeric value encountered in /home/tokenbds.io/public_html/wp-includes/class-wp-rewrite.php on line 1116
[25-Oct-2018 07:33:47 UTC] PHP Warning:  A non-numeric value encountered in /home/tokenbds.io/public_html/wp-includes/class-wp-rewrite.php on line 1012
[25-Oct-2018 07:33:47 UTC] PHP Warning:  A non-numeric value encountered in /home/tokenbds.io/public_html/wp-includes/class-wp-rewrite.php on line 1012
[25-Oct-2018 07:33:47 UTC] PHP Warning:  A non-numeric value encountered in /home/tokenbds.io/public_html/wp-includes/class-wp-rewrite.php on line 1116
[25-Oct-2018 07:33:47 UTC] PHP Warning:  A non-numeric value encountered in /home/tokenbds.io/public_html/wp-includes/class-wp-rewrite.php on line 1012
[25-Oct-2018 07:33:47 UTC] PHP Warning:  A non-numeric value encountered in /home/tokenbds.io/public_html/wp-includes/class-wp-rewrite.php on line 1012
[25-Oct-2018 07:33:47 UTC] PHP Warning:  A non-numeric value encountered in /home/tokenbds.io/public_html/wp-includes/class-wp-rewrite.php on line 1012
[25-Oct-2018 07:33:47 UTC] PHP Warning:  A non-numeric value encountered in /home/tokenbds.io/public_html/wp-includes/class-wp-rewrite.php on line 1012
[25-Oct-2018 07:33:47 UTC] PHP Warning:  A non-numeric value encountered in /home/tokenbds.io/public_html/wp-includes/class-wp-rewrite.php on line 1116
[25-Oct-2018 07:33:47 UTC] PHP Warning:  A non-numeric value encountered in /home/tokenbds.io/public_html/wp-includes/class-wp-rewrite.php on line 1012
[25-Oct-2018 07:33:47 UTC] PHP Warning:  A non-numeric value encountered in /home/tokenbds.io/public_html/wp-includes/class-wp-rewrite.php on line 1012
[25-Oct-2018 07:33:47 UTC] PHP Warning:  A non-numeric value encountered in /home/tokenbds.io/public_html/wp-includes/class-wp-rewrite.php on line 1012
[25-Oct-2018 07:33:47 UTC] PHP Warning:  A non-numeric value encountered in /home/tokenbds.io/public_html/wp-includes/class-wp-rewrite.php on line 1012
[25-Oct-2018 07:33:47 UTC] PHP Warning:  A non-numeric value encountered in /home/tokenbds.io/public_html/wp-includes/class-wp-rewrite.php on line 1116
[25-Oct-2018 07:33:47 UTC] PHP Warning:  A non-numeric value encountered in /home/tokenbds.io/public_html/wp-includes/class-wp-rewrite.php on line 1012
[25-Oct-2018 07:33:47 UTC] PHP Warning:  A non-numeric value encountered in /home/tokenbds.io/public_html/wp-includes/class-wp-rewrite.php on line 1012
[25-Oct-2018 08:02:44 UTC] PHP Warning:  imagecreatetruecolor(): Invalid image dimensions in /home/tokenbds.io/public_html/wp-includes/media.php on line 2836
[25-Oct-2018 08:02:44 UTC] PHP Warning:  imagecopyresampled() expects parameter 1 to be resource, boolean given in /home/tokenbds.io/public_html/wp-includes/class-wp-image-editor-gd.php on line 287
[05-Nov-2018 21:31:28 Asia/Ho_Chi_Minh] PHP Fatal error:  Uncaught Error: Call to undefined function hoverex_get_theme_option() in /home/tokenbds.io/public_html/wp-content/themes/hoverex/index.php:15
Stack trace:
#0 {main}
  thrown in /home/tokenbds.io/public_html/wp-content/themes/hoverex/index.php on line 15
[18-Nov-2018 05:32:48 Asia/Ho_Chi_Minh] PHP Notice:  Undefined index: wp_version in /home/tokenbds.io/public_html/wp-content/themes/twentyseventeen/functions.php on line 15
[18-Nov-2018 05:32:48 Asia/Ho_Chi_Minh] PHP Fatal error:  Uncaught Error: Call to undefined function get_template_directory() in /home/tokenbds.io/public_html/wp-content/themes/twentyseventeen/functions.php:16
Stack trace:
#0 {main}
  thrown in /home/tokenbds.io/public_html/wp-content/themes/twentyseventeen/functions.php on line 16
[19-Nov-2018 23:10:36 Asia/Ho_Chi_Minh] PHP Fatal error:  Uncaught Error: Call to undefined function is_robots() in /home/tokenbds.io/public_html/wp-includes/template-loader.php:28
Stack trace:
#0 {main}
  thrown in /home/tokenbds.io/public_html/wp-includes/template-loader.php on line 28
[01-Dec-2018 06:27:31 Asia/Ho_Chi_Minh] PHP Fatal error:  Uncaught Error: Call to undefined function get_template_part() in /home/tokenbds.io/public_html/wp-content/themes/twentyseventeen/footer.php:22
Stack trace:
#0 {main}
  thrown in /home/tokenbds.io/public_html/wp-content/themes/twentyseventeen/footer.php on line 22
[01-Dec-2018 08:08:39 Asia/Ho_Chi_Minh] PHP Fatal error:  Class 'Walker' not found in /home/tokenbds.io/public_html/wp-includes/class-walker-nav-menu.php on line 17
